{"D:\\softex\\atv-5\\src\\database\\model.ts": {"path":"D:\\softex\\atv-5\\src\\database\\model.ts","all":false,"statementMap":{"0":{"start":{"line":1,"column":0},"end":{"line":1,"column":46}},"1":{"start":{"line":2,"column":0},"end":{"line":2,"column":0}},"2":{"start":{"line":3,"column":0},"end":{"line":3,"column":33}},"3":{"start":{"line":4,"column":0},"end":{"line":4,"column":0}},"4":{"start":{"line":5,"column":0},"end":{"line":5,"column":17}}},"s":{"0":1,"1":1,"2":1,"3":1,"4":1},"branchMap":{"0":{"type":"branch","line":5,"loc":{"start":{"line":5,"column":9},"end":{"line":5,"column":17}},"locations":[{"start":{"line":5,"column":9},"end":{"line":5,"column":17}}]}},"b":{"0":[26]},"fnMap":{"0":{"name":"get","decl":{"start":{"line":5,"column":9},"end":{"line":5,"column":17}},"loc":{"start":{"line":5,"column":9},"end":{"line":5,"column":17}},"line":5}},"f":{"0":26}}
,"D:\\softex\\atv-5\\src\\entities\\student\\repositories\\StudentRepository.ts": {"path":"D:\\softex\\atv-5\\src\\entities\\student\\repositories\\StudentRepository.ts","all":false,"statementMap":{"0":{"start":{"line":1,"column":0},"end":{"line":1,"column":48}},"1":{"start":{"line":2,"column":0},"end":{"line":2,"column":51}},"2":{"start":{"line":3,"column":0},"end":{"line":3,"column":43}},"3":{"start":{"line":4,"column":0},"end":{"line":4,"column":55}},"4":{"start":{"line":5,"column":0},"end":{"line":5,"column":48}},"5":{"start":{"line":6,"column":0},"end":{"line":6,"column":58}},"6":{"start":{"line":7,"column":0},"end":{"line":7,"column":0}},"7":{"start":{"line":8,"column":0},"end":{"line":8,"column":55}},"8":{"start":{"line":9,"column":0},"end":{"line":9,"column":62}},"9":{"start":{"line":10,"column":0},"end":{"line":10,"column":40}},"10":{"start":{"line":11,"column":0},"end":{"line":11,"column":38}},"11":{"start":{"line":12,"column":0},"end":{"line":12,"column":78}},"12":{"start":{"line":13,"column":0},"end":{"line":13,"column":0}},"13":{"start":{"line":14,"column":0},"end":{"line":14,"column":20}},"14":{"start":{"line":15,"column":0},"end":{"line":15,"column":3}},"15":{"start":{"line":16,"column":0},"end":{"line":16,"column":0}},"16":{"start":{"line":17,"column":0},"end":{"line":17,"column":47}},"17":{"start":{"line":18,"column":0},"end":{"line":18,"column":61}},"18":{"start":{"line":19,"column":0},"end":{"line":19,"column":62}},"19":{"start":{"line":20,"column":0},"end":{"line":20,"column":30}},"20":{"start":{"line":21,"column":0},"end":{"line":21,"column":6}},"21":{"start":{"line":22,"column":0},"end":{"line":22,"column":0}},"22":{"start":{"line":23,"column":0},"end":{"line":23,"column":19}},"23":{"start":{"line":24,"column":0},"end":{"line":24,"column":3}},"24":{"start":{"line":25,"column":0},"end":{"line":25,"column":0}},"25":{"start":{"line":26,"column":0},"end":{"line":26,"column":53}},"26":{"start":{"line":27,"column":0},"end":{"line":27,"column":57}},"27":{"start":{"line":28,"column":0},"end":{"line":28,"column":62}},"28":{"start":{"line":29,"column":0},"end":{"line":29,"column":30}},"29":{"start":{"line":30,"column":0},"end":{"line":30,"column":6}},"30":{"start":{"line":31,"column":0},"end":{"line":31,"column":0}},"31":{"start":{"line":32,"column":0},"end":{"line":32,"column":29}},"32":{"start":{"line":33,"column":0},"end":{"line":33,"column":29}},"33":{"start":{"line":34,"column":0},"end":{"line":34,"column":0}},"34":{"start":{"line":35,"column":0},"end":{"line":35,"column":25}},"35":{"start":{"line":36,"column":0},"end":{"line":36,"column":17}},"36":{"start":{"line":37,"column":0},"end":{"line":37,"column":3}},"37":{"start":{"line":38,"column":0},"end":{"line":38,"column":0}},"38":{"start":{"line":39,"column":0},"end":{"line":39,"column":61}},"39":{"start":{"line":40,"column":0},"end":{"line":40,"column":14}},"40":{"start":{"line":41,"column":0},"end":{"line":41,"column":16}},"41":{"start":{"line":42,"column":0},"end":{"line":42,"column":15}},"42":{"start":{"line":43,"column":0},"end":{"line":43,"column":9}},"43":{"start":{"line":44,"column":0},"end":{"line":44,"column":15}},"44":{"start":{"line":45,"column":0},"end":{"line":45,"column":18}},"45":{"start":{"line":46,"column":0},"end":{"line":46,"column":37}},"46":{"start":{"line":47,"column":0},"end":{"line":47,"column":57}},"47":{"start":{"line":48,"column":0},"end":{"line":48,"column":13}},"48":{"start":{"line":49,"column":0},"end":{"line":49,"column":19}},"49":{"start":{"line":50,"column":0},"end":{"line":50,"column":18}},"50":{"start":{"line":51,"column":0},"end":{"line":51,"column":12}},"51":{"start":{"line":52,"column":0},"end":{"line":52,"column":18}},"52":{"start":{"line":53,"column":0},"end":{"line":53,"column":21}},"53":{"start":{"line":54,"column":0},"end":{"line":54,"column":7}},"54":{"start":{"line":55,"column":0},"end":{"line":55,"column":7}},"55":{"start":{"line":56,"column":0},"end":{"line":56,"column":0}},"56":{"start":{"line":57,"column":0},"end":{"line":57,"column":19}},"57":{"start":{"line":58,"column":0},"end":{"line":58,"column":3}},"58":{"start":{"line":59,"column":0},"end":{"line":59,"column":0}},"59":{"start":{"line":60,"column":0},"end":{"line":60,"column":80}},"60":{"start":{"line":61,"column":0},"end":{"line":61,"column":40}},"61":{"start":{"line":62,"column":0},"end":{"line":62,"column":16}},"62":{"start":{"line":63,"column":0},"end":{"line":63,"column":14}},"63":{"start":{"line":64,"column":0},"end":{"line":64,"column":9}},"64":{"start":{"line":65,"column":0},"end":{"line":65,"column":15}},"65":{"start":{"line":66,"column":0},"end":{"line":66,"column":39}},"66":{"start":{"line":67,"column":0},"end":{"line":67,"column":21}},"67":{"start":{"line":68,"column":0},"end":{"line":68,"column":35}},"68":{"start":{"line":69,"column":0},"end":{"line":69,"column":34}},"69":{"start":{"line":70,"column":0},"end":{"line":70,"column":28}},"70":{"start":{"line":71,"column":0},"end":{"line":71,"column":9}},"71":{"start":{"line":72,"column":0},"end":{"line":72,"column":5}},"72":{"start":{"line":73,"column":0},"end":{"line":73,"column":0}},"73":{"start":{"line":74,"column":0},"end":{"line":74,"column":20}},"74":{"start":{"line":75,"column":0},"end":{"line":75,"column":35}},"75":{"start":{"line":76,"column":0},"end":{"line":76,"column":34}},"76":{"start":{"line":77,"column":0},"end":{"line":77,"column":27}},"77":{"start":{"line":78,"column":0},"end":{"line":78,"column":9}},"78":{"start":{"line":79,"column":0},"end":{"line":79,"column":5}},"79":{"start":{"line":80,"column":0},"end":{"line":80,"column":0}},"80":{"start":{"line":81,"column":0},"end":{"line":81,"column":14}},"81":{"start":{"line":82,"column":0},"end":{"line":82,"column":35}},"82":{"start":{"line":83,"column":0},"end":{"line":83,"column":34}},"83":{"start":{"line":84,"column":0},"end":{"line":84,"column":21}},"84":{"start":{"line":85,"column":0},"end":{"line":85,"column":9}},"85":{"start":{"line":86,"column":0},"end":{"line":86,"column":5}},"86":{"start":{"line":87,"column":0},"end":{"line":87,"column":0}},"87":{"start":{"line":88,"column":0},"end":{"line":88,"column":20}},"88":{"start":{"line":89,"column":0},"end":{"line":89,"column":35}},"89":{"start":{"line":90,"column":0},"end":{"line":90,"column":34}},"90":{"start":{"line":91,"column":0},"end":{"line":91,"column":27}},"91":{"start":{"line":92,"column":0},"end":{"line":92,"column":9}},"92":{"start":{"line":93,"column":0},"end":{"line":93,"column":5}},"93":{"start":{"line":94,"column":0},"end":{"line":94,"column":0}},"94":{"start":{"line":95,"column":0},"end":{"line":95,"column":62}},"95":{"start":{"line":96,"column":0},"end":{"line":96,"column":31}},"96":{"start":{"line":97,"column":0},"end":{"line":97,"column":7}},"97":{"start":{"line":98,"column":0},"end":{"line":98,"column":0}},"98":{"start":{"line":99,"column":0},"end":{"line":99,"column":18}},"99":{"start":{"line":100,"column":0},"end":{"line":100,"column":3}},"100":{"start":{"line":101,"column":0},"end":{"line":101,"column":0}},"101":{"start":{"line":102,"column":0},"end":{"line":102,"column":41}},"102":{"start":{"line":103,"column":0},"end":{"line":103,"column":57}},"103":{"start":{"line":104,"column":0},"end":{"line":104,"column":58}},"104":{"start":{"line":105,"column":0},"end":{"line":105,"column":31}},"105":{"start":{"line":106,"column":0},"end":{"line":106,"column":7}},"106":{"start":{"line":107,"column":0},"end":{"line":107,"column":0}},"107":{"start":{"line":108,"column":0},"end":{"line":108,"column":18}},"108":{"start":{"line":109,"column":0},"end":{"line":109,"column":3}},"109":{"start":{"line":110,"column":0},"end":{"line":110,"column":1}},"110":{"start":{"line":111,"column":0},"end":{"line":111,"column":0}},"111":{"start":{"line":112,"column":0},"end":{"line":112,"column":29}}},"s":{"0":1,"1":1,"2":1,"3":1,"4":1,"5":1,"6":1,"7":1,"8":1,"9":1,"10":2,"11":2,"12":2,"13":2,"14":2,"15":1,"16":1,"17":1,"18":2,"19":2,"20":2,"21":2,"22":2,"23":2,"24":1,"25":1,"26":1,"27":12,"28":12,"29":12,"30":12,"31":12,"32":12,"33":5,"34":5,"35":8,"36":7,"37":1,"38":1,"39":1,"40":1,"41":1,"42":1,"43":1,"44":1,"45":1,"46":1,"47":1,"48":1,"49":1,"50":1,"51":1,"52":1,"53":1,"54":1,"55":1,"56":1,"57":1,"58":1,"59":1,"60":1,"61":1,"62":1,"63":1,"64":1,"65":1,"66":1,"67":1,"68":1,"69":1,"70":1,"71":1,"72":1,"73":1,"74":1,"75":1,"76":1,"77":1,"78":1,"79":1,"80":1,"81":1,"82":1,"83":1,"84":1,"85":1,"86":1,"87":1,"88":1,"89":1,"90":1,"91":1,"92":1,"93":1,"94":1,"95":1,"96":1,"97":1,"98":1,"99":1,"100":1,"101":1,"102":1,"103":2,"104":2,"105":2,"106":2,"107":2,"108":2,"109":2,"110":1,"111":1},"branchMap":{"0":{"type":"branch","line":10,"loc":{"start":{"line":10,"column":2},"end":{"line":15,"column":3}},"locations":[{"start":{"line":10,"column":2},"end":{"line":15,"column":3}}]},"1":{"type":"branch","line":18,"loc":{"start":{"line":18,"column":2},"end":{"line":24,"column":3}},"locations":[{"start":{"line":18,"column":2},"end":{"line":24,"column":3}}]},"2":{"type":"branch","line":27,"loc":{"start":{"line":27,"column":2},"end":{"line":37,"column":3}},"locations":[{"start":{"line":27,"column":2},"end":{"line":37,"column":3}}]},"3":{"type":"branch","line":33,"loc":{"start":{"line":33,"column":17},"end":{"line":37,"column":3}},"locations":[{"start":{"line":33,"column":17},"end":{"line":37,"column":3}}]},"4":{"type":"branch","line":33,"loc":{"start":{"line":33,"column":17},"end":{"line":36,"column":11}},"locations":[{"start":{"line":33,"column":17},"end":{"line":36,"column":11}}]},"5":{"type":"branch","line":36,"loc":{"start":{"line":36,"column":4},"end":{"line":37,"column":3}},"locations":[{"start":{"line":36,"column":4},"end":{"line":37,"column":3}}]},"6":{"type":"branch","line":40,"loc":{"start":{"line":40,"column":2},"end":{"line":58,"column":3}},"locations":[{"start":{"line":40,"column":2},"end":{"line":58,"column":3}}]},"7":{"type":"branch","line":61,"loc":{"start":{"line":61,"column":2},"end":{"line":100,"column":3}},"locations":[{"start":{"line":61,"column":2},"end":{"line":100,"column":3}}]},"8":{"type":"branch","line":103,"loc":{"start":{"line":103,"column":2},"end":{"line":110,"column":1}},"locations":[{"start":{"line":103,"column":2},"end":{"line":110,"column":1}}]},"9":{"type":"branch","line":112,"loc":{"start":{"line":112,"column":9},"end":{"line":112,"column":29}},"locations":[{"start":{"line":112,"column":9},"end":{"line":112,"column":29}}]}},"b":{"0":[2],"1":[2],"2":[12],"3":[8],"4":[5],"5":[7],"6":[1],"7":[1],"8":[2],"9":[18]},"fnMap":{"0":{"name":"showMany","decl":{"start":{"line":10,"column":2},"end":{"line":15,"column":3}},"loc":{"start":{"line":10,"column":2},"end":{"line":15,"column":3}},"line":10},"1":{"name":"showUnique","decl":{"start":{"line":18,"column":2},"end":{"line":24,"column":3}},"loc":{"start":{"line":18,"column":2},"end":{"line":24,"column":3}},"line":18},"2":{"name":"exists","decl":{"start":{"line":27,"column":2},"end":{"line":37,"column":3}},"loc":{"start":{"line":27,"column":2},"end":{"line":37,"column":3}},"line":27},"3":{"name":"save","decl":{"start":{"line":40,"column":2},"end":{"line":58,"column":3}},"loc":{"start":{"line":40,"column":2},"end":{"line":58,"column":3}},"line":40},"4":{"name":"update","decl":{"start":{"line":61,"column":2},"end":{"line":100,"column":3}},"loc":{"start":{"line":61,"column":2},"end":{"line":100,"column":3}},"line":61},"5":{"name":"delete","decl":{"start":{"line":103,"column":2},"end":{"line":110,"column":1}},"loc":{"start":{"line":103,"column":2},"end":{"line":110,"column":1}},"line":103},"6":{"name":"get","decl":{"start":{"line":112,"column":9},"end":{"line":112,"column":29}},"loc":{"start":{"line":112,"column":9},"end":{"line":112,"column":29}},"line":112}},"f":{"0":2,"1":2,"2":12,"3":1,"4":1,"5":2,"6":18}}
,"D:\\softex\\atv-5\\src\\entities\\student\\services\\create.service.ts": {"path":"D:\\softex\\atv-5\\src\\entities\\student\\services\\create.service.ts","all":false,"statementMap":{"0":{"start":{"line":1,"column":0},"end":{"line":1,"column":72}},"1":{"start":{"line":2,"column":0},"end":{"line":2,"column":51}},"2":{"start":{"line":3,"column":0},"end":{"line":3,"column":43}},"3":{"start":{"line":4,"column":0},"end":{"line":4,"column":67}},"4":{"start":{"line":5,"column":0},"end":{"line":5,"column":85}},"5":{"start":{"line":6,"column":0},"end":{"line":6,"column":97}},"6":{"start":{"line":7,"column":0},"end":{"line":7,"column":70}},"7":{"start":{"line":8,"column":0},"end":{"line":8,"column":0}},"8":{"start":{"line":9,"column":0},"end":{"line":9,"column":21}},"9":{"start":{"line":10,"column":0},"end":{"line":10,"column":63}},"10":{"start":{"line":11,"column":0},"end":{"line":11,"column":0}},"11":{"start":{"line":12,"column":0},"end":{"line":12,"column":17}},"12":{"start":{"line":13,"column":0},"end":{"line":13,"column":15}},"13":{"start":{"line":14,"column":0},"end":{"line":14,"column":14}},"14":{"start":{"line":15,"column":0},"end":{"line":15,"column":8}},"15":{"start":{"line":16,"column":0},"end":{"line":16,"column":14}},"16":{"start":{"line":17,"column":0},"end":{"line":17,"column":17}},"17":{"start":{"line":18,"column":0},"end":{"line":18,"column":37}},"18":{"start":{"line":19,"column":0},"end":{"line":19,"column":69}},"19":{"start":{"line":20,"column":0},"end":{"line":20,"column":0}},"20":{"start":{"line":21,"column":0},"end":{"line":21,"column":69}},"21":{"start":{"line":22,"column":0},"end":{"line":22,"column":0}},"22":{"start":{"line":23,"column":0},"end":{"line":23,"column":50}},"23":{"start":{"line":24,"column":0},"end":{"line":24,"column":46}},"24":{"start":{"line":25,"column":0},"end":{"line":25,"column":5}},"25":{"start":{"line":26,"column":0},"end":{"line":26,"column":0}},"26":{"start":{"line":27,"column":0},"end":{"line":27,"column":68}},"27":{"start":{"line":28,"column":0},"end":{"line":28,"column":0}},"28":{"start":{"line":29,"column":0},"end":{"line":29,"column":41}},"29":{"start":{"line":30,"column":0},"end":{"line":30,"column":51}},"30":{"start":{"line":31,"column":0},"end":{"line":31,"column":6}},"31":{"start":{"line":32,"column":0},"end":{"line":32,"column":0}},"32":{"start":{"line":33,"column":0},"end":{"line":33,"column":49}},"33":{"start":{"line":34,"column":0},"end":{"line":34,"column":55}},"34":{"start":{"line":35,"column":0},"end":{"line":35,"column":5}},"35":{"start":{"line":36,"column":0},"end":{"line":36,"column":0}},"36":{"start":{"line":37,"column":0},"end":{"line":37,"column":64}},"37":{"start":{"line":38,"column":0},"end":{"line":38,"column":17}},"38":{"start":{"line":39,"column":0},"end":{"line":39,"column":16}},"39":{"start":{"line":40,"column":0},"end":{"line":40,"column":10}},"40":{"start":{"line":41,"column":0},"end":{"line":41,"column":16}},"41":{"start":{"line":42,"column":0},"end":{"line":42,"column":19}},"42":{"start":{"line":43,"column":0},"end":{"line":43,"column":6}},"43":{"start":{"line":44,"column":0},"end":{"line":44,"column":0}},"44":{"start":{"line":45,"column":0},"end":{"line":45,"column":19}},"45":{"start":{"line":46,"column":0},"end":{"line":46,"column":3}},"46":{"start":{"line":47,"column":0},"end":{"line":47,"column":1}},"47":{"start":{"line":48,"column":0},"end":{"line":48,"column":0}},"48":{"start":{"line":49,"column":0},"end":{"line":49,"column":25}}},"s":{"0":1,"1":1,"2":1,"3":1,"4":1,"5":1,"6":1,"7":1,"8":1,"9":1,"10":1,"11":1,"12":4,"13":4,"14":4,"15":4,"16":4,"17":4,"18":4,"19":4,"20":4,"21":1,"22":4,"23":1,"24":1,"25":1,"26":4,"27":0,"28":4,"29":1,"30":1,"31":1,"32":1,"33":1,"34":1,"35":1,"36":4,"37":0,"38":0,"39":0,"40":0,"41":0,"42":0,"43":0,"44":0,"45":0,"46":4,"47":1,"48":1},"branchMap":{"0":{"type":"branch","line":10,"loc":{"start":{"line":10,"column":2},"end":{"line":10,"column":63}},"locations":[{"start":{"line":10,"column":2},"end":{"line":10,"column":63}}]},"1":{"type":"branch","line":12,"loc":{"start":{"line":12,"column":2},"end":{"line":47,"column":1}},"locations":[{"start":{"line":12,"column":2},"end":{"line":47,"column":1}}]},"2":{"type":"branch","line":21,"loc":{"start":{"line":21,"column":15},"end":{"line":23,"column":8}},"locations":[{"start":{"line":21,"column":15},"end":{"line":23,"column":8}}]},"3":{"type":"branch","line":23,"loc":{"start":{"line":23,"column":4},"end":{"line":23,"column":50}},"locations":[{"start":{"line":23,"column":4},"end":{"line":23,"column":50}}]},"4":{"type":"branch","line":23,"loc":{"start":{"line":23,"column":49},"end":{"line":27,"column":8}},"locations":[{"start":{"line":23,"column":49},"end":{"line":27,"column":8}}]},"5":{"type":"branch","line":27,"loc":{"start":{"line":27,"column":4},"end":{"line":27,"column":34}},"locations":[{"start":{"line":27,"column":4},"end":{"line":27,"column":34}}]},"6":{"type":"branch","line":27,"loc":{"start":{"line":27,"column":28},"end":{"line":29,"column":8}},"locations":[{"start":{"line":27,"column":28},"end":{"line":29,"column":8}}]},"7":{"type":"branch","line":29,"loc":{"start":{"line":29,"column":4},"end":{"line":29,"column":41}},"locations":[{"start":{"line":29,"column":4},"end":{"line":29,"column":41}}]},"8":{"type":"branch","line":29,"loc":{"start":{"line":29,"column":40},"end":{"line":37,"column":10}},"locations":[{"start":{"line":29,"column":40},"end":{"line":37,"column":10}}]},"9":{"type":"branch","line":37,"loc":{"start":{"line":37,"column":4},"end":{"line":46,"column":3}},"locations":[{"start":{"line":37,"column":4},"end":{"line":46,"column":3}}]},"10":{"type":"branch","line":49,"loc":{"start":{"line":49,"column":9},"end":{"line":49,"column":25}},"locations":[{"start":{"line":49,"column":9},"end":{"line":49,"column":25}}]}},"b":{"0":[4],"1":[4],"2":[1],"3":[3],"4":[1],"5":[2],"6":[0],"7":[2],"8":[1],"9":[0],"10":[4]},"fnMap":{"0":{"name":"CreateService","decl":{"start":{"line":10,"column":2},"end":{"line":10,"column":63}},"loc":{"start":{"line":10,"column":2},"end":{"line":10,"column":63}},"line":10},"1":{"name":"execute","decl":{"start":{"line":12,"column":2},"end":{"line":47,"column":1}},"loc":{"start":{"line":12,"column":2},"end":{"line":47,"column":1}},"line":12},"2":{"name":"get","decl":{"start":{"line":49,"column":9},"end":{"line":49,"column":25}},"loc":{"start":{"line":49,"column":9},"end":{"line":49,"column":25}},"line":49}},"f":{"0":4,"1":4,"2":4}}
,"D:\\softex\\atv-5\\src\\entities\\student\\services\\delete.service.ts": {"path":"D:\\softex\\atv-5\\src\\entities\\student\\services\\delete.service.ts","all":false,"statementMap":{"0":{"start":{"line":1,"column":0},"end":{"line":1,"column":72}},"1":{"start":{"line":2,"column":0},"end":{"line":2,"column":43}},"2":{"start":{"line":3,"column":0},"end":{"line":3,"column":0}},"3":{"start":{"line":4,"column":0},"end":{"line":4,"column":21}},"4":{"start":{"line":5,"column":0},"end":{"line":5,"column":63}},"5":{"start":{"line":6,"column":0},"end":{"line":6,"column":0}},"6":{"start":{"line":7,"column":0},"end":{"line":7,"column":58}},"7":{"start":{"line":8,"column":0},"end":{"line":8,"column":69}},"8":{"start":{"line":9,"column":0},"end":{"line":9,"column":0}},"9":{"start":{"line":10,"column":0},"end":{"line":10,"column":70}},"10":{"start":{"line":11,"column":0},"end":{"line":11,"column":0}},"11":{"start":{"line":12,"column":0},"end":{"line":12,"column":80}},"12":{"start":{"line":13,"column":0},"end":{"line":13,"column":0}},"13":{"start":{"line":14,"column":0},"end":{"line":14,"column":19}},"14":{"start":{"line":15,"column":0},"end":{"line":15,"column":3}},"15":{"start":{"line":16,"column":0},"end":{"line":16,"column":1}},"16":{"start":{"line":17,"column":0},"end":{"line":17,"column":0}},"17":{"start":{"line":18,"column":0},"end":{"line":18,"column":25}}},"s":{"0":1,"1":1,"2":1,"3":1,"4":1,"5":1,"6":1,"7":2,"8":2,"9":2,"10":1,"11":1,"12":1,"13":1,"14":1,"15":2,"16":1,"17":1},"branchMap":{"0":{"type":"branch","line":5,"loc":{"start":{"line":5,"column":2},"end":{"line":5,"column":63}},"locations":[{"start":{"line":5,"column":2},"end":{"line":5,"column":63}}]},"1":{"type":"branch","line":7,"loc":{"start":{"line":7,"column":2},"end":{"line":16,"column":1}},"locations":[{"start":{"line":7,"column":2},"end":{"line":16,"column":1}}]},"2":{"type":"branch","line":10,"loc":{"start":{"line":10,"column":16},"end":{"line":15,"column":3}},"locations":[{"start":{"line":10,"column":16},"end":{"line":15,"column":3}}]},"3":{"type":"branch","line":18,"loc":{"start":{"line":18,"column":9},"end":{"line":18,"column":25}},"locations":[{"start":{"line":18,"column":9},"end":{"line":18,"column":25}}]}},"b":{"0":[2],"1":[2],"2":[1],"3":[2]},"fnMap":{"0":{"name":"DeleteService","decl":{"start":{"line":5,"column":2},"end":{"line":5,"column":63}},"loc":{"start":{"line":5,"column":2},"end":{"line":5,"column":63}},"line":5},"1":{"name":"execute","decl":{"start":{"line":7,"column":2},"end":{"line":16,"column":1}},"loc":{"start":{"line":7,"column":2},"end":{"line":16,"column":1}},"line":7},"2":{"name":"get","decl":{"start":{"line":18,"column":9},"end":{"line":18,"column":25}},"loc":{"start":{"line":18,"column":9},"end":{"line":18,"column":25}},"line":18}},"f":{"0":2,"1":2,"2":2}}
,"D:\\softex\\atv-5\\src\\entities\\student\\services\\index.service.ts": {"path":"D:\\softex\\atv-5\\src\\entities\\student\\services\\index.service.ts","all":false,"statementMap":{"0":{"start":{"line":1,"column":0},"end":{"line":1,"column":72}},"1":{"start":{"line":2,"column":0},"end":{"line":2,"column":43}},"2":{"start":{"line":3,"column":0},"end":{"line":3,"column":0}},"3":{"start":{"line":4,"column":0},"end":{"line":4,"column":20}},"4":{"start":{"line":5,"column":0},"end":{"line":5,"column":63}},"5":{"start":{"line":6,"column":0},"end":{"line":6,"column":0}},"6":{"start":{"line":7,"column":0},"end":{"line":7,"column":39}},"7":{"start":{"line":8,"column":0},"end":{"line":8,"column":72}},"8":{"start":{"line":9,"column":0},"end":{"line":9,"column":0}},"9":{"start":{"line":10,"column":0},"end":{"line":10,"column":20}},"10":{"start":{"line":11,"column":0},"end":{"line":11,"column":3}},"11":{"start":{"line":12,"column":0},"end":{"line":12,"column":1}},"12":{"start":{"line":13,"column":0},"end":{"line":13,"column":0}},"13":{"start":{"line":14,"column":0},"end":{"line":14,"column":24}}},"s":{"0":1,"1":1,"2":1,"3":1,"4":1,"5":1,"6":1,"7":1,"8":1,"9":1,"10":1,"11":1,"12":1,"13":1},"branchMap":{"0":{"type":"branch","line":5,"loc":{"start":{"line":5,"column":2},"end":{"line":5,"column":63}},"locations":[{"start":{"line":5,"column":2},"end":{"line":5,"column":63}}]},"1":{"type":"branch","line":7,"loc":{"start":{"line":7,"column":2},"end":{"line":12,"column":1}},"locations":[{"start":{"line":7,"column":2},"end":{"line":12,"column":1}}]},"2":{"type":"branch","line":14,"loc":{"start":{"line":14,"column":9},"end":{"line":14,"column":24}},"locations":[{"start":{"line":14,"column":9},"end":{"line":14,"column":24}}]}},"b":{"0":[1],"1":[1],"2":[1]},"fnMap":{"0":{"name":"IndexService","decl":{"start":{"line":5,"column":2},"end":{"line":5,"column":63}},"loc":{"start":{"line":5,"column":2},"end":{"line":5,"column":63}},"line":5},"1":{"name":"execute","decl":{"start":{"line":7,"column":2},"end":{"line":12,"column":1}},"loc":{"start":{"line":7,"column":2},"end":{"line":12,"column":1}},"line":7},"2":{"name":"get","decl":{"start":{"line":14,"column":9},"end":{"line":14,"column":24}},"loc":{"start":{"line":14,"column":9},"end":{"line":14,"column":24}},"line":14}},"f":{"0":1,"1":1,"2":1}}
,"D:\\softex\\atv-5\\src\\entities\\student\\services\\show.service.ts": {"path":"D:\\softex\\atv-5\\src\\entities\\student\\services\\show.service.ts","all":false,"statementMap":{"0":{"start":{"line":1,"column":0},"end":{"line":1,"column":72}},"1":{"start":{"line":2,"column":0},"end":{"line":2,"column":43}},"2":{"start":{"line":3,"column":0},"end":{"line":3,"column":0}},"3":{"start":{"line":4,"column":0},"end":{"line":4,"column":19}},"4":{"start":{"line":5,"column":0},"end":{"line":5,"column":63}},"5":{"start":{"line":6,"column":0},"end":{"line":6,"column":0}},"6":{"start":{"line":7,"column":0},"end":{"line":7,"column":58}},"7":{"start":{"line":8,"column":0},"end":{"line":8,"column":69}},"8":{"start":{"line":9,"column":0},"end":{"line":9,"column":0}},"9":{"start":{"line":10,"column":0},"end":{"line":10,"column":70}},"10":{"start":{"line":11,"column":0},"end":{"line":11,"column":0}},"11":{"start":{"line":12,"column":0},"end":{"line":12,"column":84}},"12":{"start":{"line":13,"column":0},"end":{"line":13,"column":0}},"13":{"start":{"line":14,"column":0},"end":{"line":14,"column":19}},"14":{"start":{"line":15,"column":0},"end":{"line":15,"column":3}},"15":{"start":{"line":16,"column":0},"end":{"line":16,"column":1}},"16":{"start":{"line":17,"column":0},"end":{"line":17,"column":0}},"17":{"start":{"line":18,"column":0},"end":{"line":18,"column":23}}},"s":{"0":1,"1":1,"2":1,"3":1,"4":1,"5":1,"6":1,"7":2,"8":2,"9":2,"10":1,"11":1,"12":1,"13":1,"14":1,"15":2,"16":1,"17":1},"branchMap":{"0":{"type":"branch","line":5,"loc":{"start":{"line":5,"column":2},"end":{"line":5,"column":63}},"locations":[{"start":{"line":5,"column":2},"end":{"line":5,"column":63}}]},"1":{"type":"branch","line":7,"loc":{"start":{"line":7,"column":2},"end":{"line":16,"column":1}},"locations":[{"start":{"line":7,"column":2},"end":{"line":16,"column":1}}]},"2":{"type":"branch","line":10,"loc":{"start":{"line":10,"column":16},"end":{"line":15,"column":3}},"locations":[{"start":{"line":10,"column":16},"end":{"line":15,"column":3}}]},"3":{"type":"branch","line":18,"loc":{"start":{"line":18,"column":9},"end":{"line":18,"column":23}},"locations":[{"start":{"line":18,"column":9},"end":{"line":18,"column":23}}]}},"b":{"0":[2],"1":[2],"2":[1],"3":[2]},"fnMap":{"0":{"name":"ShowService","decl":{"start":{"line":5,"column":2},"end":{"line":5,"column":63}},"loc":{"start":{"line":5,"column":2},"end":{"line":5,"column":63}},"line":5},"1":{"name":"execute","decl":{"start":{"line":7,"column":2},"end":{"line":16,"column":1}},"loc":{"start":{"line":7,"column":2},"end":{"line":16,"column":1}},"line":7},"2":{"name":"get","decl":{"start":{"line":18,"column":9},"end":{"line":18,"column":23}},"loc":{"start":{"line":18,"column":9},"end":{"line":18,"column":23}},"line":18}},"f":{"0":2,"1":2,"2":2}}
,"D:\\softex\\atv-5\\src\\entities\\student\\services\\update.service.ts": {"path":"D:\\softex\\atv-5\\src\\entities\\student\\services\\update.service.ts","all":false,"statementMap":{"0":{"start":{"line":1,"column":0},"end":{"line":1,"column":72}},"1":{"start":{"line":2,"column":0},"end":{"line":2,"column":43}},"2":{"start":{"line":3,"column":0},"end":{"line":3,"column":55}},"3":{"start":{"line":4,"column":0},"end":{"line":4,"column":67}},"4":{"start":{"line":5,"column":0},"end":{"line":5,"column":85}},"5":{"start":{"line":6,"column":0},"end":{"line":6,"column":70}},"6":{"start":{"line":7,"column":0},"end":{"line":7,"column":0}},"7":{"start":{"line":8,"column":0},"end":{"line":8,"column":21}},"8":{"start":{"line":9,"column":0},"end":{"line":9,"column":63}},"9":{"start":{"line":10,"column":0},"end":{"line":10,"column":0}},"10":{"start":{"line":11,"column":0},"end":{"line":11,"column":40}},"11":{"start":{"line":12,"column":0},"end":{"line":12,"column":15}},"12":{"start":{"line":13,"column":0},"end":{"line":13,"column":14}},"13":{"start":{"line":14,"column":0},"end":{"line":14,"column":8}},"14":{"start":{"line":15,"column":0},"end":{"line":15,"column":14}},"15":{"start":{"line":16,"column":0},"end":{"line":16,"column":39}},"16":{"start":{"line":17,"column":0},"end":{"line":17,"column":69}},"17":{"start":{"line":18,"column":0},"end":{"line":18,"column":0}},"18":{"start":{"line":19,"column":0},"end":{"line":19,"column":70}},"19":{"start":{"line":20,"column":0},"end":{"line":20,"column":0}},"20":{"start":{"line":21,"column":0},"end":{"line":21,"column":21}},"21":{"start":{"line":22,"column":0},"end":{"line":22,"column":78}},"22":{"start":{"line":23,"column":0},"end":{"line":23,"column":0}},"23":{"start":{"line":24,"column":0},"end":{"line":24,"column":73}},"24":{"start":{"line":25,"column":0},"end":{"line":25,"column":5}},"25":{"start":{"line":26,"column":0},"end":{"line":26,"column":0}},"26":{"start":{"line":27,"column":0},"end":{"line":27,"column":20}},"27":{"start":{"line":28,"column":0},"end":{"line":28,"column":77}},"28":{"start":{"line":29,"column":0},"end":{"line":29,"column":0}},"29":{"start":{"line":30,"column":0},"end":{"line":30,"column":72}},"30":{"start":{"line":31,"column":0},"end":{"line":31,"column":5}},"31":{"start":{"line":32,"column":0},"end":{"line":32,"column":0}},"32":{"start":{"line":33,"column":0},"end":{"line":33,"column":14}},"33":{"start":{"line":34,"column":0},"end":{"line":34,"column":69}},"34":{"start":{"line":35,"column":0},"end":{"line":35,"column":0}},"35":{"start":{"line":36,"column":0},"end":{"line":36,"column":66}},"36":{"start":{"line":37,"column":0},"end":{"line":37,"column":5}},"37":{"start":{"line":38,"column":0},"end":{"line":38,"column":0}},"38":{"start":{"line":39,"column":0},"end":{"line":39,"column":20}},"39":{"start":{"line":40,"column":0},"end":{"line":40,"column":42}},"40":{"start":{"line":41,"column":0},"end":{"line":41,"column":54}},"41":{"start":{"line":42,"column":0},"end":{"line":42,"column":7}},"42":{"start":{"line":43,"column":0},"end":{"line":43,"column":0}},"43":{"start":{"line":44,"column":0},"end":{"line":44,"column":73}},"44":{"start":{"line":45,"column":0},"end":{"line":45,"column":5}},"45":{"start":{"line":46,"column":0},"end":{"line":46,"column":0}},"46":{"start":{"line":47,"column":0},"end":{"line":47,"column":84}},"47":{"start":{"line":48,"column":0},"end":{"line":48,"column":4}},"48":{"start":{"line":49,"column":0},"end":{"line":49,"column":19}},"49":{"start":{"line":50,"column":0},"end":{"line":50,"column":3}},"50":{"start":{"line":51,"column":0},"end":{"line":51,"column":1}},"51":{"start":{"line":52,"column":0},"end":{"line":52,"column":0}},"52":{"start":{"line":53,"column":0},"end":{"line":53,"column":25}}},"s":{"0":1,"1":1,"2":1,"3":1,"4":1,"5":1,"6":1,"7":1,"8":1,"9":1,"10":1,"11":2,"12":2,"13":2,"14":2,"15":2,"16":2,"17":2,"18":2,"19":1,"20":1,"21":1,"22":1,"23":1,"24":0,"25":0,"26":2,"27":0,"28":0,"29":0,"30":0,"31":0,"32":0,"33":0,"34":0,"35":0,"36":0,"37":0,"38":0,"39":0,"40":0,"41":0,"42":0,"43":0,"44":0,"45":0,"46":0,"47":0,"48":0,"49":0,"50":2,"51":1,"52":1},"branchMap":{"0":{"type":"branch","line":9,"loc":{"start":{"line":9,"column":2},"end":{"line":9,"column":63}},"locations":[{"start":{"line":9,"column":2},"end":{"line":9,"column":63}}]},"1":{"type":"branch","line":11,"loc":{"start":{"line":11,"column":2},"end":{"line":51,"column":1}},"locations":[{"start":{"line":11,"column":2},"end":{"line":51,"column":1}}]},"2":{"type":"branch","line":19,"loc":{"start":{"line":19,"column":16},"end":{"line":27,"column":8}},"locations":[{"start":{"line":19,"column":16},"end":{"line":27,"column":8}}]},"3":{"type":"branch","line":24,"loc":{"start":{"line":24,"column":6},"end":{"line":27,"column":8}},"locations":[{"start":{"line":24,"column":6},"end":{"line":27,"column":8}}]},"4":{"type":"branch","line":27,"loc":{"start":{"line":27,"column":4},"end":{"line":50,"column":3}},"locations":[{"start":{"line":27,"column":4},"end":{"line":50,"column":3}}]},"5":{"type":"branch","line":53,"loc":{"start":{"line":53,"column":9},"end":{"line":53,"column":25}},"locations":[{"start":{"line":53,"column":9},"end":{"line":53,"column":25}}]}},"b":{"0":[2],"1":[2],"2":[1],"3":[0],"4":[0],"5":[2]},"fnMap":{"0":{"name":"UpdateService","decl":{"start":{"line":9,"column":2},"end":{"line":9,"column":63}},"loc":{"start":{"line":9,"column":2},"end":{"line":9,"column":63}},"line":9},"1":{"name":"execute","decl":{"start":{"line":11,"column":2},"end":{"line":51,"column":1}},"loc":{"start":{"line":11,"column":2},"end":{"line":51,"column":1}},"line":11},"2":{"name":"get","decl":{"start":{"line":53,"column":9},"end":{"line":53,"column":25}},"loc":{"start":{"line":53,"column":9},"end":{"line":53,"column":25}},"line":53}},"f":{"0":2,"1":2,"2":2}}
,"D:\\softex\\atv-5\\src\\entities\\student\\utils\\mapper.ts": {"path":"D:\\softex\\atv-5\\src\\entities\\student\\utils\\mapper.ts","all":false,"statementMap":{"0":{"start":{"line":1,"column":0},"end":{"line":1,"column":57}},"1":{"start":{"line":2,"column":0},"end":{"line":2,"column":43}},"2":{"start":{"line":3,"column":0},"end":{"line":3,"column":0}},"3":{"start":{"line":4,"column":0},"end":{"line":4,"column":64}},"4":{"start":{"line":5,"column":0},"end":{"line":5,"column":33}},"5":{"start":{"line":6,"column":0},"end":{"line":6,"column":0}},"6":{"start":{"line":7,"column":0},"end":{"line":7,"column":35}},"7":{"start":{"line":8,"column":0},"end":{"line":8,"column":19}},"8":{"start":{"line":9,"column":0},"end":{"line":9,"column":21}},"9":{"start":{"line":10,"column":0},"end":{"line":10,"column":37}},"10":{"start":{"line":11,"column":0},"end":{"line":11,"column":35}},"11":{"start":{"line":12,"column":0},"end":{"line":12,"column":23}},"12":{"start":{"line":13,"column":0},"end":{"line":13,"column":35}},"13":{"start":{"line":14,"column":0},"end":{"line":14,"column":43}},"14":{"start":{"line":15,"column":0},"end":{"line":15,"column":6}},"15":{"start":{"line":16,"column":0},"end":{"line":16,"column":3}},"16":{"start":{"line":17,"column":0},"end":{"line":17,"column":0}},"17":{"start":{"line":18,"column":0},"end":{"line":18,"column":18}},"18":{"start":{"line":19,"column":0},"end":{"line":19,"column":1}},"19":{"start":{"line":20,"column":0},"end":{"line":20,"column":0}},"20":{"start":{"line":21,"column":0},"end":{"line":21,"column":25}}},"s":{"0":1,"1":1,"2":1,"3":1,"4":2,"5":2,"6":2,"7":173,"8":173,"9":173,"10":173,"11":173,"12":173,"13":173,"14":173,"15":173,"16":173,"17":2,"18":2,"19":1,"20":1},"branchMap":{"0":{"type":"branch","line":4,"loc":{"start":{"line":4,"column":63},"end":{"line":19,"column":1}},"locations":[{"start":{"line":4,"column":63},"end":{"line":19,"column":1}}]},"1":{"type":"branch","line":7,"loc":{"start":{"line":7,"column":34},"end":{"line":18,"column":9}},"locations":[{"start":{"line":7,"column":34},"end":{"line":18,"column":9}}]},"2":{"type":"branch","line":21,"loc":{"start":{"line":21,"column":9},"end":{"line":21,"column":25}},"locations":[{"start":{"line":21,"column":9},"end":{"line":21,"column":25}}]}},"b":{"0":[2],"1":[173],"2":[2]},"fnMap":{"0":{"name":"studentMapper","decl":{"start":{"line":4,"column":63},"end":{"line":19,"column":1}},"loc":{"start":{"line":4,"column":63},"end":{"line":19,"column":1}},"line":4},"1":{"name":"get","decl":{"start":{"line":21,"column":9},"end":{"line":21,"column":25}},"loc":{"start":{"line":21,"column":9},"end":{"line":21,"column":25}},"line":21}},"f":{"0":2,"1":2}}
,"D:\\softex\\atv-5\\src\\entities\\student\\utils\\age_validator\\ageValidator.ts": {"path":"D:\\softex\\atv-5\\src\\entities\\student\\utils\\age_validator\\ageValidator.ts","all":false,"statementMap":{"0":{"start":{"line":1,"column":0},"end":{"line":1,"column":39}},"1":{"start":{"line":2,"column":0},"end":{"line":2,"column":41}},"2":{"start":{"line":3,"column":0},"end":{"line":3,"column":2}},"3":{"start":{"line":4,"column":0},"end":{"line":4,"column":14}},"4":{"start":{"line":5,"column":0},"end":{"line":5,"column":1}},"5":{"start":{"line":6,"column":0},"end":{"line":6,"column":0}},"6":{"start":{"line":7,"column":0},"end":{"line":7,"column":24}}},"s":{"0":1,"1":5,"2":2,"3":5,"4":3,"5":1,"6":1},"branchMap":{"0":{"type":"branch","line":1,"loc":{"start":{"line":1,"column":38},"end":{"line":5,"column":1}},"locations":[{"start":{"line":1,"column":38},"end":{"line":5,"column":1}}]},"1":{"type":"branch","line":2,"loc":{"start":{"line":2,"column":12},"end":{"line":2,"column":28}},"locations":[{"start":{"line":2,"column":12},"end":{"line":2,"column":28}}]},"2":{"type":"branch","line":2,"loc":{"start":{"line":2,"column":28},"end":{"line":4,"column":9}},"locations":[{"start":{"line":2,"column":28},"end":{"line":4,"column":9}}]},"3":{"type":"branch","line":4,"loc":{"start":{"line":4,"column":2},"end":{"line":5,"column":1}},"locations":[{"start":{"line":4,"column":2},"end":{"line":5,"column":1}}]},"4":{"type":"branch","line":7,"loc":{"start":{"line":7,"column":9},"end":{"line":7,"column":24}},"locations":[{"start":{"line":7,"column":9},"end":{"line":7,"column":24}}]}},"b":{"0":[5],"1":[4],"2":[2],"3":[3],"4":[5]},"fnMap":{"0":{"name":"ageValidator","decl":{"start":{"line":1,"column":38},"end":{"line":5,"column":1}},"loc":{"start":{"line":1,"column":38},"end":{"line":5,"column":1}},"line":1},"1":{"name":"get","decl":{"start":{"line":7,"column":9},"end":{"line":7,"column":24}},"loc":{"start":{"line":7,"column":9},"end":{"line":7,"column":24}},"line":7}},"f":{"0":5,"1":5}}
,"D:\\softex\\atv-5\\src\\entities\\student\\utils\\classroom_validator\\classroomValidator.ts": {"path":"D:\\softex\\atv-5\\src\\entities\\student\\utils\\classroom_validator\\classroomValidator.ts","all":false,"statementMap":{"0":{"start":{"line":1,"column":0},"end":{"line":1,"column":51}},"1":{"start":{"line":2,"column":0},"end":{"line":2,"column":52}},"2":{"start":{"line":3,"column":0},"end":{"line":3,"column":2}},"3":{"start":{"line":4,"column":0},"end":{"line":4,"column":14}},"4":{"start":{"line":5,"column":0},"end":{"line":5,"column":1}},"5":{"start":{"line":6,"column":0},"end":{"line":6,"column":0}},"6":{"start":{"line":7,"column":0},"end":{"line":7,"column":30}}},"s":{"0":1,"1":5,"2":3,"3":4,"4":2,"5":1,"6":1},"branchMap":{"0":{"type":"branch","line":1,"loc":{"start":{"line":1,"column":50},"end":{"line":5,"column":1}},"locations":[{"start":{"line":1,"column":50},"end":{"line":5,"column":1}}]},"1":{"type":"branch","line":2,"loc":{"start":{"line":2,"column":18},"end":{"line":2,"column":39}},"locations":[{"start":{"line":2,"column":18},"end":{"line":2,"column":39}}]},"2":{"type":"branch","line":2,"loc":{"start":{"line":2,"column":39},"end":{"line":5,"column":1}},"locations":[{"start":{"line":2,"column":39},"end":{"line":5,"column":1}}]},"3":{"type":"branch","line":2,"loc":{"start":{"line":2,"column":39},"end":{"line":4,"column":9}},"locations":[{"start":{"line":2,"column":39},"end":{"line":4,"column":9}}]},"4":{"type":"branch","line":4,"loc":{"start":{"line":4,"column":2},"end":{"line":5,"column":1}},"locations":[{"start":{"line":4,"column":2},"end":{"line":5,"column":1}}]},"5":{"type":"branch","line":7,"loc":{"start":{"line":7,"column":9},"end":{"line":7,"column":30}},"locations":[{"start":{"line":7,"column":9},"end":{"line":7,"column":30}}]}},"b":{"0":[5],"1":[3],"2":[4],"3":[3],"4":[2],"5":[5]},"fnMap":{"0":{"name":"classroomValidator","decl":{"start":{"line":1,"column":50},"end":{"line":5,"column":1}},"loc":{"start":{"line":1,"column":50},"end":{"line":5,"column":1}},"line":1},"1":{"name":"get","decl":{"start":{"line":7,"column":9},"end":{"line":7,"column":30}},"loc":{"start":{"line":7,"column":9},"end":{"line":7,"column":30}},"line":7}},"f":{"0":5,"1":5}}
,"D:\\softex\\atv-5\\src\\entities\\student\\utils\\matriculation_validator\\matriculationValidator.ts": {"path":"D:\\softex\\atv-5\\src\\entities\\student\\utils\\matriculation_validator\\matriculationValidator.ts","all":false,"statementMap":{"0":{"start":{"line":1,"column":0},"end":{"line":1,"column":68}},"1":{"start":{"line":2,"column":0},"end":{"line":2,"column":7}},"2":{"start":{"line":3,"column":0},"end":{"line":3,"column":74}},"3":{"start":{"line":4,"column":0},"end":{"line":4,"column":0}},"4":{"start":{"line":5,"column":0},"end":{"line":5,"column":16}},"5":{"start":{"line":6,"column":0},"end":{"line":6,"column":15}},"6":{"start":{"line":7,"column":0},"end":{"line":7,"column":53}},"7":{"start":{"line":8,"column":0},"end":{"line":8,"column":3}},"8":{"start":{"line":9,"column":0},"end":{"line":9,"column":1}},"9":{"start":{"line":10,"column":0},"end":{"line":10,"column":0}},"10":{"start":{"line":11,"column":0},"end":{"line":11,"column":34}}},"s":{"0":1,"1":4,"2":4,"3":3,"4":3,"5":3,"6":0,"7":0,"8":0,"9":1,"10":1},"branchMap":{"0":{"type":"branch","line":1,"loc":{"start":{"line":1,"column":67},"end":{"line":9,"column":1}},"locations":[{"start":{"line":1,"column":67},"end":{"line":9,"column":1}}]},"1":{"type":"branch","line":3,"loc":{"start":{"line":3,"column":25},"end":{"line":3,"column":61}},"locations":[{"start":{"line":3,"column":25},"end":{"line":3,"column":61}}]},"2":{"type":"branch","line":3,"loc":{"start":{"line":3,"column":61},"end":{"line":9,"column":1}},"locations":[{"start":{"line":3,"column":61},"end":{"line":9,"column":1}}]},"3":{"type":"branch","line":5,"loc":{"start":{"line":5,"column":4},"end":{"line":6,"column":4}},"locations":[{"start":{"line":5,"column":4},"end":{"line":6,"column":4}}]},"4":{"type":"branch","line":6,"loc":{"start":{"line":6,"column":2},"end":{"line":9,"column":1}},"locations":[{"start":{"line":6,"column":2},"end":{"line":9,"column":1}}]},"5":{"type":"branch","line":11,"loc":{"start":{"line":11,"column":9},"end":{"line":11,"column":34}},"locations":[{"start":{"line":11,"column":9},"end":{"line":11,"column":34}}]}},"b":{"0":[4],"1":[3],"2":[3],"3":[1],"4":[0],"5":[4]},"fnMap":{"0":{"name":"matriculationValidator","decl":{"start":{"line":1,"column":67},"end":{"line":9,"column":1}},"loc":{"start":{"line":1,"column":67},"end":{"line":9,"column":1}},"line":1},"1":{"name":"get","decl":{"start":{"line":11,"column":9},"end":{"line":11,"column":34}},"loc":{"start":{"line":11,"column":9},"end":{"line":11,"column":34}},"line":11}},"f":{"0":4,"1":4}}
,"D:\\softex\\atv-5\\src\\entities\\student\\utils\\name_validator\\nameValidator.ts": {"path":"D:\\softex\\atv-5\\src\\entities\\student\\utils\\name_validator\\nameValidator.ts","all":false,"statementMap":{"0":{"start":{"line":1,"column":0},"end":{"line":1,"column":61}},"1":{"start":{"line":2,"column":0},"end":{"line":2,"column":69}},"2":{"start":{"line":3,"column":0},"end":{"line":3,"column":0}},"3":{"start":{"line":4,"column":0},"end":{"line":4,"column":28}},"4":{"start":{"line":5,"column":0},"end":{"line":5,"column":27}},"5":{"start":{"line":6,"column":0},"end":{"line":6,"column":54}},"6":{"start":{"line":7,"column":0},"end":{"line":7,"column":0}},"7":{"start":{"line":8,"column":0},"end":{"line":8,"column":39}},"8":{"start":{"line":9,"column":0},"end":{"line":9,"column":5}},"9":{"start":{"line":10,"column":0},"end":{"line":10,"column":10}},"10":{"start":{"line":11,"column":0},"end":{"line":11,"column":58}},"11":{"start":{"line":12,"column":0},"end":{"line":12,"column":0}},"12":{"start":{"line":13,"column":0},"end":{"line":13,"column":40}},"13":{"start":{"line":14,"column":0},"end":{"line":14,"column":3}},"14":{"start":{"line":15,"column":0},"end":{"line":15,"column":0}},"15":{"start":{"line":16,"column":0},"end":{"line":16,"column":0}},"16":{"start":{"line":17,"column":0},"end":{"line":17,"column":14}},"17":{"start":{"line":18,"column":0},"end":{"line":18,"column":1}},"18":{"start":{"line":19,"column":0},"end":{"line":19,"column":0}},"19":{"start":{"line":20,"column":0},"end":{"line":20,"column":25}}},"s":{"0":1,"1":18,"2":18,"3":18,"4":12,"5":26,"6":4,"7":26,"8":26,"9":18,"10":6,"11":2,"12":6,"13":6,"14":6,"15":6,"16":18,"17":4,"18":1,"19":1},"branchMap":{"0":{"type":"branch","line":1,"loc":{"start":{"line":1,"column":60},"end":{"line":18,"column":1}},"locations":[{"start":{"line":1,"column":60},"end":{"line":18,"column":1}}]},"1":{"type":"branch","line":4,"loc":{"start":{"line":4,"column":27},"end":{"line":10,"column":9}},"locations":[{"start":{"line":4,"column":27},"end":{"line":10,"column":9}}]},"2":{"type":"branch","line":5,"loc":{"start":{"line":5,"column":26},"end":{"line":9,"column":5}},"locations":[{"start":{"line":5,"column":26},"end":{"line":9,"column":5}}]},"3":{"type":"branch","line":6,"loc":{"start":{"line":6,"column":21},"end":{"line":6,"column":41}},"locations":[{"start":{"line":6,"column":21},"end":{"line":6,"column":41}}]},"4":{"type":"branch","line":6,"loc":{"start":{"line":6,"column":41},"end":{"line":8,"column":10}},"locations":[{"start":{"line":6,"column":41},"end":{"line":8,"column":10}}]},"5":{"type":"branch","line":8,"loc":{"start":{"line":8,"column":6},"end":{"line":8,"column":33}},"locations":[{"start":{"line":8,"column":6},"end":{"line":8,"column":33}}]},"6":{"type":"branch","line":8,"loc":{"start":{"line":8,"column":26},"end":{"line":8,"column":39}},"locations":[{"start":{"line":8,"column":26},"end":{"line":8,"column":39}}]},"7":{"type":"branch","line":9,"loc":{"start":{"line":9,"column":4},"end":{"line":10,"column":9}},"locations":[{"start":{"line":9,"column":4},"end":{"line":10,"column":9}}]},"8":{"type":"branch","line":10,"loc":{"start":{"line":10,"column":2},"end":{"line":17,"column":9}},"locations":[{"start":{"line":10,"column":2},"end":{"line":17,"column":9}}]},"9":{"type":"branch","line":11,"loc":{"start":{"line":11,"column":22},"end":{"line":11,"column":45}},"locations":[{"start":{"line":11,"column":22},"end":{"line":11,"column":45}}]},"10":{"type":"branch","line":11,"loc":{"start":{"line":11,"column":45},"end":{"line":13,"column":8}},"locations":[{"start":{"line":11,"column":45},"end":{"line":13,"column":8}}]},"11":{"type":"branch","line":13,"loc":{"start":{"line":13,"column":4},"end":{"line":13,"column":34}},"locations":[{"start":{"line":13,"column":4},"end":{"line":13,"column":34}}]},"12":{"type":"branch","line":13,"loc":{"start":{"line":13,"column":27},"end":{"line":13,"column":40}},"locations":[{"start":{"line":13,"column":27},"end":{"line":13,"column":40}}]},"13":{"type":"branch","line":17,"loc":{"start":{"line":17,"column":2},"end":{"line":18,"column":1}},"locations":[{"start":{"line":17,"column":2},"end":{"line":18,"column":1}}]},"14":{"type":"branch","line":20,"loc":{"start":{"line":20,"column":9},"end":{"line":20,"column":25}},"locations":[{"start":{"line":20,"column":9},"end":{"line":20,"column":25}}]}},"b":{"0":[18],"1":[12],"2":[26],"3":[24],"4":[4],"5":[22],"6":[5],"7":[3],"8":[6],"9":[5],"10":[2],"11":[4],"12":[3],"13":[4],"14":[18]},"fnMap":{"0":{"name":"nameValidator","decl":{"start":{"line":1,"column":60},"end":{"line":18,"column":1}},"loc":{"start":{"line":1,"column":60},"end":{"line":18,"column":1}},"line":1},"1":{"name":"get","decl":{"start":{"line":20,"column":9},"end":{"line":20,"column":25}},"loc":{"start":{"line":20,"column":9},"end":{"line":20,"column":25}},"line":20}},"f":{"0":18,"1":18}}
}
